<?xml version="1.0" encoding="UTF-8"?>
<testng-results skipped="0" failed="0" ignored="0" total="1" passed="1">
  <reporter-output>
  </reporter-output>
  <suite name="Default suite" duration-ms="74181" started-at="2020-05-13T16:14:34Z" finished-at="2020-05-13T16:15:48Z">
    <groups>
    </groups>
    <test name="Default test" duration-ms="74181" started-at="2020-05-13T16:14:34Z" finished-at="2020-05-13T16:15:48Z">
      <class name="driver.DriverScript">
        <test-method status="PASS" signature="preRequisite()[pri:0, instance:driver.DriverScript@258e2e41]" name="preRequisite" is-config="true" duration-ms="60" started-at="2020-05-13T16:14:34Z" finished-at="2020-05-13T16:14:34Z">
          <reporter-output>
          </reporter-output>
        </test-method> <!-- preRequisite -->
        <test-method status="PASS" signature="executeTest()[pri:0, instance:driver.DriverScript@258e2e41]" name="executeTest" duration-ms="74143" started-at="2020-05-13T16:14:34Z" finished-at="2020-05-13T16:15:48Z">
          <reporter-output>
          </reporter-output>
        </test-method> <!-- executeTest -->
      </class> <!-- driver.DriverScript -->
    </test> <!-- Default test -->
  </suite> <!-- Default suite -->
</testng-results>
